<?xml version="1.0" encoding="UTF-8"?>
<robot generator="Robot 7.1.1 (Python 3.9.1 on win32)" generated="2024-12-18T12:25:27.447632" rpa="false" schemaversion="5">
<suite id="s1" name="TC1" source="C:\Users\user\Desktop\testing\Testing\TC1.robot">
<test id="s1-t1" name="Sign In to Microsoft Teams" line="11">
<kw name="Open Browser" owner="SeleniumLibrary">
<msg time="2024-12-18T12:25:27.696291" level="INFO">Opening browser 'chrome' to base url 'https://teams.microsoft.com/'.</msg>
<arg>${URL}</arg>
<arg>${BROWSER}</arg>
<doc>Opens a new browser instance to the optional ``url``.</doc>
<status status="PASS" start="2024-12-18T12:25:27.696291" elapsed="11.942960"/>
</kw>
<kw name="Maximize Browser Window" owner="SeleniumLibrary">
<doc>Maximizes current browser window.</doc>
<status status="PASS" start="2024-12-18T12:25:39.640807" elapsed="0.075530"/>
</kw>
<kw name="Wait Until Element Is Visible" owner="SeleniumLibrary">
<arg>xpath=//*[@id='i0116']</arg>
<arg>10s</arg>
<doc>Waits until the element ``locator`` is visible.</doc>
<status status="PASS" start="2024-12-18T12:25:39.730212" elapsed="8.375483"/>
</kw>
<kw name="Input Text" owner="SeleniumLibrary">
<msg time="2024-12-18T12:25:48.121311" level="INFO">Typing text 'sahanahc979@gmail.com' into text field 'xpath=//*[@id='i0116']'.</msg>
<arg>xpath=//*[@id='i0116']</arg>
<arg>${USERNAME}</arg>
<doc>Types the given ``text`` into the text field identified by ``locator``.</doc>
<status status="PASS" start="2024-12-18T12:25:48.121311" elapsed="0.206748"/>
</kw>
<kw name="Click Button" owner="SeleniumLibrary">
<msg time="2024-12-18T12:25:48.329056" level="INFO">Clicking button 'id=idSIButton9'.</msg>
<arg>id=idSIButton9</arg>
<doc>Clicks the button identified by ``locator``.</doc>
<status status="PASS" start="2024-12-18T12:25:48.328059" elapsed="0.097926"/>
</kw>
<kw name="Wait Until Element Is Visible" owner="SeleniumLibrary">
<arg>xpath=//*[@id='i0118']</arg>
<arg>10s</arg>
<doc>Waits until the element ``locator`` is visible.</doc>
<status status="PASS" start="2024-12-18T12:25:48.425985" elapsed="2.094915"/>
</kw>
<kw name="Input Text" owner="SeleniumLibrary">
<msg time="2024-12-18T12:25:50.535358" level="INFO">Typing text '5ahana@2002' into text field 'xpath=//*[@id='i0118']'.</msg>
<arg>xpath=//*[@id='i0118']</arg>
<arg>${PASSWORD}</arg>
<doc>Types the given ``text`` into the text field identified by ``locator``.</doc>
<status status="PASS" start="2024-12-18T12:25:50.534354" elapsed="0.191797"/>
</kw>
<kw name="Click Button" owner="SeleniumLibrary">
<msg time="2024-12-18T12:25:50.726151" level="INFO">Clicking button 'id=idSIButton9'.</msg>
<arg>id=idSIButton9</arg>
<doc>Clicks the button identified by ``locator``.</doc>
<status status="PASS" start="2024-12-18T12:25:50.726151" elapsed="1.020180"/>
</kw>
<kw name="Sleep" owner="BuiltIn">
<msg time="2024-12-18T12:25:53.758393" level="INFO">Slept 2 seconds.</msg>
<arg>2s</arg>
<doc>Pauses the test executed for the given time.</doc>
<status status="PASS" start="2024-12-18T12:25:51.751461" elapsed="2.006932"/>
</kw>
<kw name="Click Button" owner="SeleniumLibrary">
<msg time="2024-12-18T12:25:53.758393" level="INFO">Clicking button 'id=acceptButton'.</msg>
<arg>id=acceptButton</arg>
<doc>Clicks the button identified by ``locator``.</doc>
<status status="PASS" start="2024-12-18T12:25:53.758393" elapsed="2.427829"/>
</kw>
<kw name="Close Browser" owner="SeleniumLibrary" type="TEARDOWN">
<doc>Closes the current browser.</doc>
<status status="PASS" start="2024-12-18T12:25:56.188221" elapsed="2.315955"/>
</kw>
<status status="PASS" start="2024-12-18T12:25:27.696291" elapsed="30.807885"/>
</test>
<status status="PASS" start="2024-12-18T12:25:27.447632" elapsed="31.056544"/>
</suite>
<statistics>
<total>
<stat pass="1" fail="0" skip="0">All Tests</stat>
</total>
<tag>
</tag>
<suite>
<stat pass="1" fail="0" skip="0" id="s1" name="TC1">TC1</stat>
</suite>
</statistics>
<errors>
</errors>
</robot>
